Cycle:    19471, Time:  1.073E-03s, Time Inc.: 5.510E-08s, Progress:  99.88%, Est. Clock Time Remaining: 0s
Cycle:    19472, Time:  1.073E-03s, Time Inc.: 5.510E-08s, Progress:  99.88%, Est. Clock Time Remaining: 0s
Cycle:    19473, Time:  1.073E-03s, Time Inc.: 5.510E-08s, Progress:  99.89%, Est. Clock Time Remaining: 0s
Cycle:    19474, Time:  1.073E-03s, Time Inc.: 5.510E-08s, Progress:  99.89%, Est. Clock Time Remaining: 0s
Cycle:    19475, Time:  1.073E-03s, Time Inc.: 5.510E-08s, Progress:  99.90%, Est. Clock Time Remaining: 0s
Cycle:    19476, Time:  1.073E-03s, Time Inc.: 5.510E-08s, Progress:  99.90%, Est. Clock Time Remaining: 0s
Cycle:    19477, Time:  1.073E-03s, Time Inc.: 5.510E-08s, Progress:  99.91%, Est. Clock Time Remaining: 0s
Cycle:    19478, Time:  1.073E-03s, Time Inc.: 5.510E-08s, Progress:  99.91%, Est. Clock Time Remaining: 0s
Cycle:    19479, Time:  1.073E-03s, Time Inc.: 5.510E-08s, Progress:  99.92%, Est. Clock Time Remaining: 0s
Cycle:    19480, Time:  1.073E-03s, Time Inc.: 5.510E-08s, Progress:  99.92%, Est. Clock Time Remaining: 0s
Cycle:    19481, Time:  1.073E-03s, Time Inc.: 5.510E-08s, Progress:  99.93%, Est. Clock Time Remaining: 0s
Cycle:    19482, Time:  1.073E-03s, Time Inc.: 5.510E-08s, Progress:  99.93%, Est. Clock Time Remaining: 0s
Cycle:    19483, Time:  1.073E-03s, Time Inc.: 5.510E-08s, Progress:  99.94%, Est. Clock Time Remaining: 0s
Cycle:    19484, Time:  1.074E-03s, Time Inc.: 5.510E-08s, Progress:  99.94%, Est. Clock Time Remaining: 0s
Cycle:    19485, Time:  1.074E-03s, Time Inc.: 5.510E-08s, Progress:  99.95%, Est. Clock Time Remaining: 0s
Cycle:    19486, Time:  1.074E-03s, Time Inc.: 5.510E-08s, Progress:  99.95%, Est. Clock Time Remaining: 0s
Cycle:    19487, Time:  1.074E-03s, Time Inc.: 5.510E-08s, Progress:  99.96%, Est. Clock Time Remaining: 0s
Cycle:    19488, Time:  1.074E-03s, Time Inc.: 5.510E-08s, Progress:  99.96%, Est. Clock Time Remaining: 0s
Cycle:    19489, Time:  1.074E-03s, Time Inc.: 5.510E-08s, Progress:  99.97%, Est. Clock Time Remaining: 0s
Cycle:    19490, Time:  1.074E-03s, Time Inc.: 5.510E-08s, Progress:  99.97%, Est. Clock Time Remaining: 0s
Cycle:    19491, Time:  1.074E-03s, Time Inc.: 5.510E-08s, Progress:  99.98%, Est. Clock Time Remaining: 0s
Cycle:    19492, Time:  1.074E-03s, Time Inc.: 5.510E-08s, Progress:  99.98%, Est. Clock Time Remaining: 0s
Cycle:    19493, Time:  1.074E-03s, Time Inc.: 5.510E-08s, Progress:  99.99%, Est. Clock Time Remaining: 0s
Cycle:    19494, Time:  1.074E-03s, Time Inc.: 5.510E-08s, Progress:  99.99%, Est. Clock Time Remaining: 0s
Cycle:    19495, Time:  1.074E-03s, Time Inc.: 5.510E-08s, Progress: 100.00%, Est. Clock Time Remaining: 0s
Cycle:    19496, Time:  1.074E-03s, Time Inc.: 5.510E-08s, Progress: 100.00%, Est. Clock Time Remaining: -
Problem terminated .... wrapup time reached
 
 ********************************************
 
