Cycle:    17780, Time:  1.008E-03s, Time Inc.: 5.667E-08s, Progress:  99.86%, Est. Clock Time Remaining: 0s
Cycle:    17781, Time:  1.008E-03s, Time Inc.: 5.667E-08s, Progress:  99.87%, Est. Clock Time Remaining: 0s
Cycle:    17782, Time:  1.008E-03s, Time Inc.: 5.667E-08s, Progress:  99.88%, Est. Clock Time Remaining: 0s
Cycle:    17783, Time:  1.008E-03s, Time Inc.: 5.667E-08s, Progress:  99.88%, Est. Clock Time Remaining: 0s
Cycle:    17784, Time:  1.008E-03s, Time Inc.: 5.667E-08s, Progress:  99.89%, Est. Clock Time Remaining: 0s
Cycle:    17785, Time:  1.008E-03s, Time Inc.: 5.667E-08s, Progress:  99.89%, Est. Clock Time Remaining: 0s
Cycle:    17786, Time:  1.008E-03s, Time Inc.: 5.667E-08s, Progress:  99.90%, Est. Clock Time Remaining: 0s
Cycle:    17787, Time:  1.008E-03s, Time Inc.: 5.667E-08s, Progress:  99.90%, Est. Clock Time Remaining: 0s
Cycle:    17788, Time:  1.008E-03s, Time Inc.: 5.667E-08s, Progress:  99.91%, Est. Clock Time Remaining: 0s
Cycle:    17789, Time:  1.008E-03s, Time Inc.: 5.667E-08s, Progress:  99.92%, Est. Clock Time Remaining: 0s
Cycle:    17790, Time:  1.008E-03s, Time Inc.: 5.667E-08s, Progress:  99.92%, Est. Clock Time Remaining: 0s
Cycle:    17791, Time:  1.008E-03s, Time Inc.: 5.667E-08s, Progress:  99.93%, Est. Clock Time Remaining: 0s
Cycle:    17792, Time:  1.008E-03s, Time Inc.: 5.667E-08s, Progress:  99.93%, Est. Clock Time Remaining: 0s
Cycle:    17793, Time:  1.008E-03s, Time Inc.: 5.667E-08s, Progress:  99.94%, Est. Clock Time Remaining: 0s
Cycle:    17794, Time:  1.008E-03s, Time Inc.: 5.667E-08s, Progress:  99.94%, Est. Clock Time Remaining: 0s
Cycle:    17795, Time:  1.008E-03s, Time Inc.: 5.667E-08s, Progress:  99.95%, Est. Clock Time Remaining: 0s
Cycle:    17796, Time:  1.008E-03s, Time Inc.: 5.667E-08s, Progress:  99.95%, Est. Clock Time Remaining: 0s
Cycle:    17797, Time:  1.008E-03s, Time Inc.: 5.667E-08s, Progress:  99.96%, Est. Clock Time Remaining: 0s
Cycle:    17798, Time:  1.009E-03s, Time Inc.: 5.667E-08s, Progress:  99.97%, Est. Clock Time Remaining: 0s
Cycle:    17799, Time:  1.009E-03s, Time Inc.: 5.667E-08s, Progress:  99.97%, Est. Clock Time Remaining: 0s
Cycle:    17800, Time:  1.009E-03s, Time Inc.: 5.667E-08s, Progress:  99.98%, Est. Clock Time Remaining: 0s
Cycle:    17801, Time:  1.009E-03s, Time Inc.: 5.667E-08s, Progress:  99.98%, Est. Clock Time Remaining: 0s
Cycle:    17802, Time:  1.009E-03s, Time Inc.: 5.667E-08s, Progress:  99.99%, Est. Clock Time Remaining: 0s
Cycle:    17803, Time:  1.009E-03s, Time Inc.: 5.667E-08s, Progress:  99.99%, Est. Clock Time Remaining: 0s
Cycle:    17804, Time:  1.009E-03s, Time Inc.: 5.667E-08s, Progress: 100.00%, Est. Clock Time Remaining: 0s
Cycle:    17805, Time:  1.009E-03s, Time Inc.: 5.667E-08s, Progress: 100.00%, Est. Clock Time Remaining: -
Problem terminated .... wrapup time reached
 
 ********************************************
 
