Cycle:    25237, Time:  1.391E-03s, Time Inc.: 5.510E-08s, Progress:  99.90%, Est. Clock Time Remaining: 0s
Cycle:    25238, Time:  1.391E-03s, Time Inc.: 5.510E-08s, Progress:  99.91%, Est. Clock Time Remaining: 0s
Cycle:    25239, Time:  1.391E-03s, Time Inc.: 5.510E-08s, Progress:  99.91%, Est. Clock Time Remaining: 0s
Cycle:    25240, Time:  1.391E-03s, Time Inc.: 5.510E-08s, Progress:  99.92%, Est. Clock Time Remaining: 0s
Cycle:    25241, Time:  1.391E-03s, Time Inc.: 5.510E-08s, Progress:  99.92%, Est. Clock Time Remaining: 0s
Cycle:    25242, Time:  1.391E-03s, Time Inc.: 5.510E-08s, Progress:  99.92%, Est. Clock Time Remaining: 0s
Cycle:    25243, Time:  1.391E-03s, Time Inc.: 5.510E-08s, Progress:  99.93%, Est. Clock Time Remaining: 0s
Cycle:    25244, Time:  1.391E-03s, Time Inc.: 5.510E-08s, Progress:  99.93%, Est. Clock Time Remaining: 0s
Cycle:    25245, Time:  1.391E-03s, Time Inc.: 5.510E-08s, Progress:  99.94%, Est. Clock Time Remaining: 0s
Cycle:    25246, Time:  1.391E-03s, Time Inc.: 5.510E-08s, Progress:  99.94%, Est. Clock Time Remaining: 0s
Cycle:    25247, Time:  1.391E-03s, Time Inc.: 5.510E-08s, Progress:  99.94%, Est. Clock Time Remaining: 0s
Cycle:    25248, Time:  1.391E-03s, Time Inc.: 5.510E-08s, Progress:  99.95%, Est. Clock Time Remaining: 0s
Cycle:    25249, Time:  1.391E-03s, Time Inc.: 5.510E-08s, Progress:  99.95%, Est. Clock Time Remaining: 0s
Cycle:    25250, Time:  1.391E-03s, Time Inc.: 5.510E-08s, Progress:  99.96%, Est. Clock Time Remaining: 0s
Cycle:    25251, Time:  1.391E-03s, Time Inc.: 5.510E-08s, Progress:  99.96%, Est. Clock Time Remaining: 0s
Cycle:    25252, Time:  1.391E-03s, Time Inc.: 5.510E-08s, Progress:  99.96%, Est. Clock Time Remaining: 0s
Cycle:    25253, Time:  1.391E-03s, Time Inc.: 5.510E-08s, Progress:  99.97%, Est. Clock Time Remaining: 0s
Cycle:    25254, Time:  1.391E-03s, Time Inc.: 5.510E-08s, Progress:  99.97%, Est. Clock Time Remaining: 0s
Cycle:    25255, Time:  1.391E-03s, Time Inc.: 5.510E-08s, Progress:  99.98%, Est. Clock Time Remaining: 0s
Cycle:    25256, Time:  1.392E-03s, Time Inc.: 5.510E-08s, Progress:  99.98%, Est. Clock Time Remaining: 0s
Cycle:    25257, Time:  1.392E-03s, Time Inc.: 5.510E-08s, Progress:  99.98%, Est. Clock Time Remaining: 0s
Cycle:    25258, Time:  1.392E-03s, Time Inc.: 5.510E-08s, Progress:  99.99%, Est. Clock Time Remaining: 0s
Cycle:    25259, Time:  1.392E-03s, Time Inc.: 5.510E-08s, Progress:  99.99%, Est. Clock Time Remaining: 0s
Cycle:    25260, Time:  1.392E-03s, Time Inc.: 5.510E-08s, Progress: 100.00%, Est. Clock Time Remaining: 0s
Cycle:    25261, Time:  1.392E-03s, Time Inc.: 5.510E-08s, Progress: 100.00%, Est. Clock Time Remaining: 0s
Cycle:    25262, Time:  1.392E-03s, Time Inc.: 5.510E-08s, Progress: 100.00%, Est. Clock Time Remaining: -
Problem terminated .... wrapup time reached
 
 ********************************************
 
