Cycle:    30408, Time:  1.675E-03s, Time Inc.: 5.510E-08s, Progress:  99.92%, Est. Clock Time Remaining: 0s
Cycle:    30409, Time:  1.675E-03s, Time Inc.: 5.510E-08s, Progress:  99.92%, Est. Clock Time Remaining: 0s
Cycle:    30410, Time:  1.676E-03s, Time Inc.: 5.510E-08s, Progress:  99.93%, Est. Clock Time Remaining: 0s
Cycle:    30411, Time:  1.676E-03s, Time Inc.: 5.510E-08s, Progress:  99.93%, Est. Clock Time Remaining: 0s
Cycle:    30412, Time:  1.676E-03s, Time Inc.: 5.510E-08s, Progress:  99.93%, Est. Clock Time Remaining: 0s
Cycle:    30413, Time:  1.676E-03s, Time Inc.: 5.510E-08s, Progress:  99.94%, Est. Clock Time Remaining: 0s
Cycle:    30414, Time:  1.676E-03s, Time Inc.: 5.510E-08s, Progress:  99.94%, Est. Clock Time Remaining: 0s
Cycle:    30415, Time:  1.676E-03s, Time Inc.: 5.510E-08s, Progress:  99.94%, Est. Clock Time Remaining: 0s
Cycle:    30416, Time:  1.676E-03s, Time Inc.: 5.510E-08s, Progress:  99.95%, Est. Clock Time Remaining: 0s
Cycle:    30417, Time:  1.676E-03s, Time Inc.: 5.510E-08s, Progress:  99.95%, Est. Clock Time Remaining: 0s
Cycle:    30418, Time:  1.676E-03s, Time Inc.: 5.510E-08s, Progress:  99.95%, Est. Clock Time Remaining: 0s
Cycle:    30419, Time:  1.676E-03s, Time Inc.: 5.510E-08s, Progress:  99.96%, Est. Clock Time Remaining: 0s
Cycle:    30420, Time:  1.676E-03s, Time Inc.: 5.510E-08s, Progress:  99.96%, Est. Clock Time Remaining: 0s
Cycle:    30421, Time:  1.676E-03s, Time Inc.: 5.510E-08s, Progress:  99.96%, Est. Clock Time Remaining: 0s
Cycle:    30422, Time:  1.676E-03s, Time Inc.: 5.510E-08s, Progress:  99.96%, Est. Clock Time Remaining: 0s
Cycle:    30423, Time:  1.676E-03s, Time Inc.: 5.510E-08s, Progress:  99.97%, Est. Clock Time Remaining: 0s
Cycle:    30424, Time:  1.676E-03s, Time Inc.: 5.510E-08s, Progress:  99.97%, Est. Clock Time Remaining: 0s
Cycle:    30425, Time:  1.676E-03s, Time Inc.: 5.510E-08s, Progress:  99.97%, Est. Clock Time Remaining: 0s
Cycle:    30426, Time:  1.676E-03s, Time Inc.: 5.510E-08s, Progress:  99.98%, Est. Clock Time Remaining: 0s
Cycle:    30427, Time:  1.676E-03s, Time Inc.: 5.510E-08s, Progress:  99.98%, Est. Clock Time Remaining: 0s
Cycle:    30428, Time:  1.677E-03s, Time Inc.: 5.510E-08s, Progress:  99.98%, Est. Clock Time Remaining: 0s
Cycle:    30429, Time:  1.677E-03s, Time Inc.: 5.510E-08s, Progress:  99.99%, Est. Clock Time Remaining: 0s
Cycle:    30430, Time:  1.677E-03s, Time Inc.: 5.510E-08s, Progress:  99.99%, Est. Clock Time Remaining: 0s
Cycle:    30431, Time:  1.677E-03s, Time Inc.: 5.510E-08s, Progress:  99.99%, Est. Clock Time Remaining: 0s
Cycle:    30432, Time:  1.677E-03s, Time Inc.: 5.510E-08s, Progress: 100.00%, Est. Clock Time Remaining: 0s
Cycle:    30433, Time:  1.677E-03s, Time Inc.: 5.510E-08s, Progress: 100.00%, Est. Clock Time Remaining: -
Problem terminated .... wrapup time reached
 
 ********************************************
 
