Cycle:    21454, Time:  1.128E-03s, Time Inc.: 5.256E-08s, Progress:  99.88%, Est. Clock Time Remaining: 0s
Cycle:    21455, Time:  1.128E-03s, Time Inc.: 5.256E-08s, Progress:  99.89%, Est. Clock Time Remaining: 0s
Cycle:    21456, Time:  1.128E-03s, Time Inc.: 5.256E-08s, Progress:  99.89%, Est. Clock Time Remaining: 0s
Cycle:    21457, Time:  1.128E-03s, Time Inc.: 5.256E-08s, Progress:  99.90%, Est. Clock Time Remaining: 0s
Cycle:    21458, Time:  1.128E-03s, Time Inc.: 5.256E-08s, Progress:  99.90%, Est. Clock Time Remaining: 0s
Cycle:    21459, Time:  1.128E-03s, Time Inc.: 5.256E-08s, Progress:  99.91%, Est. Clock Time Remaining: 0s
Cycle:    21460, Time:  1.128E-03s, Time Inc.: 5.256E-08s, Progress:  99.91%, Est. Clock Time Remaining: 0s
Cycle:    21461, Time:  1.128E-03s, Time Inc.: 5.256E-08s, Progress:  99.92%, Est. Clock Time Remaining: 0s
Cycle:    21462, Time:  1.128E-03s, Time Inc.: 5.256E-08s, Progress:  99.92%, Est. Clock Time Remaining: 0s
Cycle:    21463, Time:  1.128E-03s, Time Inc.: 5.256E-08s, Progress:  99.93%, Est. Clock Time Remaining: 0s
Cycle:    21464, Time:  1.128E-03s, Time Inc.: 5.256E-08s, Progress:  99.93%, Est. Clock Time Remaining: 0s
Cycle:    21465, Time:  1.128E-03s, Time Inc.: 5.256E-08s, Progress:  99.94%, Est. Clock Time Remaining: 0s
Cycle:    21466, Time:  1.128E-03s, Time Inc.: 5.256E-08s, Progress:  99.94%, Est. Clock Time Remaining: 0s
Cycle:    21467, Time:  1.128E-03s, Time Inc.: 5.256E-08s, Progress:  99.94%, Est. Clock Time Remaining: 0s
Cycle:    21468, Time:  1.128E-03s, Time Inc.: 5.256E-08s, Progress:  99.95%, Est. Clock Time Remaining: 0s
Cycle:    21469, Time:  1.128E-03s, Time Inc.: 5.256E-08s, Progress:  99.95%, Est. Clock Time Remaining: 0s
Cycle:    21470, Time:  1.128E-03s, Time Inc.: 5.256E-08s, Progress:  99.96%, Est. Clock Time Remaining: 0s
Cycle:    21471, Time:  1.129E-03s, Time Inc.: 5.256E-08s, Progress:  99.96%, Est. Clock Time Remaining: 0s
Cycle:    21472, Time:  1.129E-03s, Time Inc.: 5.256E-08s, Progress:  99.97%, Est. Clock Time Remaining: 0s
Cycle:    21473, Time:  1.129E-03s, Time Inc.: 5.256E-08s, Progress:  99.97%, Est. Clock Time Remaining: 0s
Cycle:    21474, Time:  1.129E-03s, Time Inc.: 5.256E-08s, Progress:  99.98%, Est. Clock Time Remaining: 0s
Cycle:    21475, Time:  1.129E-03s, Time Inc.: 5.256E-08s, Progress:  99.98%, Est. Clock Time Remaining: 0s
Cycle:    21476, Time:  1.129E-03s, Time Inc.: 5.256E-08s, Progress:  99.99%, Est. Clock Time Remaining: 0s
Cycle:    21477, Time:  1.129E-03s, Time Inc.: 5.256E-08s, Progress:  99.99%, Est. Clock Time Remaining: 0s
Cycle:    21478, Time:  1.129E-03s, Time Inc.: 5.256E-08s, Progress: 100.00%, Est. Clock Time Remaining: 0s
Cycle:    21479, Time:  1.129E-03s, Time Inc.: 5.256E-08s, Progress: 100.00%, Est. Clock Time Remaining: -
Problem terminated .... wrapup time reached
 
 ********************************************
 
