Cycle:    19277, Time:  1.092E-03s, Time Inc.: 5.667E-08s, Progress:  99.87%, Est. Clock Time Remaining: 0s
Cycle:    19278, Time:  1.092E-03s, Time Inc.: 5.667E-08s, Progress:  99.88%, Est. Clock Time Remaining: 0s
Cycle:    19279, Time:  1.092E-03s, Time Inc.: 5.667E-08s, Progress:  99.88%, Est. Clock Time Remaining: 0s
Cycle:    19280, Time:  1.093E-03s, Time Inc.: 5.667E-08s, Progress:  99.89%, Est. Clock Time Remaining: 0s
Cycle:    19281, Time:  1.093E-03s, Time Inc.: 5.667E-08s, Progress:  99.89%, Est. Clock Time Remaining: 0s
Cycle:    19282, Time:  1.093E-03s, Time Inc.: 5.667E-08s, Progress:  99.90%, Est. Clock Time Remaining: 0s
Cycle:    19283, Time:  1.093E-03s, Time Inc.: 5.667E-08s, Progress:  99.90%, Est. Clock Time Remaining: 0s
Cycle:    19284, Time:  1.093E-03s, Time Inc.: 5.667E-08s, Progress:  99.91%, Est. Clock Time Remaining: 0s
Cycle:    19285, Time:  1.093E-03s, Time Inc.: 5.667E-08s, Progress:  99.91%, Est. Clock Time Remaining: 0s
Cycle:    19286, Time:  1.093E-03s, Time Inc.: 5.667E-08s, Progress:  99.92%, Est. Clock Time Remaining: 0s
Cycle:    19287, Time:  1.093E-03s, Time Inc.: 5.667E-08s, Progress:  99.92%, Est. Clock Time Remaining: 0s
Cycle:    19288, Time:  1.093E-03s, Time Inc.: 5.667E-08s, Progress:  99.93%, Est. Clock Time Remaining: 0s
Cycle:    19289, Time:  1.093E-03s, Time Inc.: 5.667E-08s, Progress:  99.93%, Est. Clock Time Remaining: 0s
Cycle:    19290, Time:  1.093E-03s, Time Inc.: 5.667E-08s, Progress:  99.94%, Est. Clock Time Remaining: 0s
Cycle:    19291, Time:  1.093E-03s, Time Inc.: 5.667E-08s, Progress:  99.94%, Est. Clock Time Remaining: 0s
Cycle:    19292, Time:  1.093E-03s, Time Inc.: 5.667E-08s, Progress:  99.95%, Est. Clock Time Remaining: 0s
Cycle:    19293, Time:  1.093E-03s, Time Inc.: 5.667E-08s, Progress:  99.95%, Est. Clock Time Remaining: 0s
Cycle:    19294, Time:  1.093E-03s, Time Inc.: 5.667E-08s, Progress:  99.96%, Est. Clock Time Remaining: 0s
Cycle:    19295, Time:  1.093E-03s, Time Inc.: 5.667E-08s, Progress:  99.96%, Est. Clock Time Remaining: 0s
Cycle:    19296, Time:  1.093E-03s, Time Inc.: 5.667E-08s, Progress:  99.97%, Est. Clock Time Remaining: 0s
Cycle:    19297, Time:  1.093E-03s, Time Inc.: 5.667E-08s, Progress:  99.97%, Est. Clock Time Remaining: 0s
Cycle:    19298, Time:  1.094E-03s, Time Inc.: 5.667E-08s, Progress:  99.98%, Est. Clock Time Remaining: 0s
Cycle:    19299, Time:  1.094E-03s, Time Inc.: 5.667E-08s, Progress:  99.99%, Est. Clock Time Remaining: 0s
Cycle:    19300, Time:  1.094E-03s, Time Inc.: 5.667E-08s, Progress:  99.99%, Est. Clock Time Remaining: 0s
Cycle:    19301, Time:  1.094E-03s, Time Inc.: 5.667E-08s, Progress: 100.00%, Est. Clock Time Remaining: 0s
Cycle:    19302, Time:  1.094E-03s, Time Inc.: 5.667E-08s, Progress: 100.00%, Est. Clock Time Remaining: -
Problem terminated .... wrapup time reached
 
 ********************************************
 
