Cycle:     9202, Time:  9.648E-04s, Time Inc.: 1.049E-07s, Progress:  99.74%, Est. Clock Time Remaining: 0s
Cycle:     9203, Time:  9.649E-04s, Time Inc.: 1.049E-07s, Progress:  99.75%, Est. Clock Time Remaining: 0s
Cycle:     9204, Time:  9.650E-04s, Time Inc.: 1.049E-07s, Progress:  99.76%, Est. Clock Time Remaining: 0s
Cycle:     9205, Time:  9.651E-04s, Time Inc.: 1.049E-07s, Progress:  99.77%, Est. Clock Time Remaining: 0s
Cycle:     9206, Time:  9.652E-04s, Time Inc.: 1.049E-07s, Progress:  99.78%, Est. Clock Time Remaining: 0s
Cycle:     9207, Time:  9.653E-04s, Time Inc.: 1.049E-07s, Progress:  99.79%, Est. Clock Time Remaining: 0s
Cycle:     9208, Time:  9.654E-04s, Time Inc.: 1.049E-07s, Progress:  99.80%, Est. Clock Time Remaining: 0s
Cycle:     9209, Time:  9.655E-04s, Time Inc.: 1.049E-07s, Progress:  99.81%, Est. Clock Time Remaining: 0s
Cycle:     9210, Time:  9.656E-04s, Time Inc.: 1.049E-07s, Progress:  99.83%, Est. Clock Time Remaining: 0s
Cycle:     9211, Time:  9.657E-04s, Time Inc.: 1.049E-07s, Progress:  99.84%, Est. Clock Time Remaining: 0s
Cycle:     9212, Time:  9.658E-04s, Time Inc.: 1.049E-07s, Progress:  99.85%, Est. Clock Time Remaining: 0s
Cycle:     9213, Time:  9.659E-04s, Time Inc.: 1.049E-07s, Progress:  99.86%, Est. Clock Time Remaining: 0s
Cycle:     9214, Time:  9.661E-04s, Time Inc.: 1.049E-07s, Progress:  99.87%, Est. Clock Time Remaining: 0s
Cycle:     9215, Time:  9.662E-04s, Time Inc.: 1.049E-07s, Progress:  99.88%, Est. Clock Time Remaining: 0s
Cycle:     9216, Time:  9.663E-04s, Time Inc.: 1.049E-07s, Progress:  99.89%, Est. Clock Time Remaining: 0s
Cycle:     9217, Time:  9.664E-04s, Time Inc.: 1.049E-07s, Progress:  99.90%, Est. Clock Time Remaining: 0s
Cycle:     9218, Time:  9.665E-04s, Time Inc.: 1.049E-07s, Progress:  99.91%, Est. Clock Time Remaining: 0s
Cycle:     9219, Time:  9.666E-04s, Time Inc.: 1.049E-07s, Progress:  99.92%, Est. Clock Time Remaining: 0s
Cycle:     9220, Time:  9.667E-04s, Time Inc.: 1.049E-07s, Progress:  99.93%, Est. Clock Time Remaining: 0s
Cycle:     9221, Time:  9.668E-04s, Time Inc.: 1.049E-07s, Progress:  99.94%, Est. Clock Time Remaining: 0s
Cycle:     9222, Time:  9.669E-04s, Time Inc.: 1.049E-07s, Progress:  99.96%, Est. Clock Time Remaining: 0s
Cycle:     9223, Time:  9.670E-04s, Time Inc.: 1.049E-07s, Progress:  99.97%, Est. Clock Time Remaining: 0s
Cycle:     9224, Time:  9.671E-04s, Time Inc.: 1.049E-07s, Progress:  99.98%, Est. Clock Time Remaining: 0s
Cycle:     9225, Time:  9.672E-04s, Time Inc.: 1.049E-07s, Progress:  99.99%, Est. Clock Time Remaining: 0s
Cycle:     9226, Time:  9.673E-04s, Time Inc.: 1.049E-07s, Progress: 100.00%, Est. Clock Time Remaining: 0s
Cycle:     9227, Time:  9.674E-04s, Time Inc.: 1.049E-07s, Progress: 100.00%, Est. Clock Time Remaining: -
Problem terminated .... wrapup time reached
 
 ********************************************
 
