Cycle:    33123, Time:  1.741E-03s, Time Inc.: 5.256E-08s, Progress:  99.93%, Est. Clock Time Remaining: 0s
Cycle:    33124, Time:  1.741E-03s, Time Inc.: 5.256E-08s, Progress:  99.93%, Est. Clock Time Remaining: 0s
Cycle:    33125, Time:  1.741E-03s, Time Inc.: 5.256E-08s, Progress:  99.93%, Est. Clock Time Remaining: 0s
Cycle:    33126, Time:  1.741E-03s, Time Inc.: 5.256E-08s, Progress:  99.93%, Est. Clock Time Remaining: 0s
Cycle:    33127, Time:  1.741E-03s, Time Inc.: 5.256E-08s, Progress:  99.94%, Est. Clock Time Remaining: 0s
Cycle:    33128, Time:  1.741E-03s, Time Inc.: 5.256E-08s, Progress:  99.94%, Est. Clock Time Remaining: 0s
Cycle:    33129, Time:  1.741E-03s, Time Inc.: 5.256E-08s, Progress:  99.94%, Est. Clock Time Remaining: 0s
Cycle:    33130, Time:  1.741E-03s, Time Inc.: 5.256E-08s, Progress:  99.95%, Est. Clock Time Remaining: 0s
Cycle:    33131, Time:  1.741E-03s, Time Inc.: 5.256E-08s, Progress:  99.95%, Est. Clock Time Remaining: 0s
Cycle:    33132, Time:  1.741E-03s, Time Inc.: 5.256E-08s, Progress:  99.95%, Est. Clock Time Remaining: 0s
Cycle:    33133, Time:  1.742E-03s, Time Inc.: 5.256E-08s, Progress:  99.96%, Est. Clock Time Remaining: 0s
Cycle:    33134, Time:  1.742E-03s, Time Inc.: 5.256E-08s, Progress:  99.96%, Est. Clock Time Remaining: 0s
Cycle:    33135, Time:  1.742E-03s, Time Inc.: 5.256E-08s, Progress:  99.96%, Est. Clock Time Remaining: 0s
Cycle:    33136, Time:  1.742E-03s, Time Inc.: 5.256E-08s, Progress:  99.96%, Est. Clock Time Remaining: 0s
Cycle:    33137, Time:  1.742E-03s, Time Inc.: 5.256E-08s, Progress:  99.97%, Est. Clock Time Remaining: 0s
Cycle:    33138, Time:  1.742E-03s, Time Inc.: 5.256E-08s, Progress:  99.97%, Est. Clock Time Remaining: 0s
Cycle:    33139, Time:  1.742E-03s, Time Inc.: 5.256E-08s, Progress:  99.97%, Est. Clock Time Remaining: 0s
Cycle:    33140, Time:  1.742E-03s, Time Inc.: 5.256E-08s, Progress:  99.98%, Est. Clock Time Remaining: 0s
Cycle:    33141, Time:  1.742E-03s, Time Inc.: 5.256E-08s, Progress:  99.98%, Est. Clock Time Remaining: 0s
Cycle:    33142, Time:  1.742E-03s, Time Inc.: 5.256E-08s, Progress:  99.98%, Est. Clock Time Remaining: 0s
Cycle:    33143, Time:  1.742E-03s, Time Inc.: 5.256E-08s, Progress:  99.99%, Est. Clock Time Remaining: 0s
Cycle:    33144, Time:  1.742E-03s, Time Inc.: 5.256E-08s, Progress:  99.99%, Est. Clock Time Remaining: 0s
Cycle:    33145, Time:  1.742E-03s, Time Inc.: 5.256E-08s, Progress:  99.99%, Est. Clock Time Remaining: 0s
Cycle:    33146, Time:  1.742E-03s, Time Inc.: 5.256E-08s, Progress:  99.99%, Est. Clock Time Remaining: 0s
Cycle:    33147, Time:  1.742E-03s, Time Inc.: 5.256E-08s, Progress: 100.00%, Est. Clock Time Remaining: 0s
Cycle:    33148, Time:  1.742E-03s, Time Inc.: 5.256E-08s, Progress: 100.00%, Est. Clock Time Remaining: -
Problem terminated .... wrapup time reached
 
 ********************************************
 
