Cycle:    31925, Time:  1.678E-03s, Time Inc.: 5.256E-08s, Progress:  99.92%, Est. Clock Time Remaining: 0s
Cycle:    31926, Time:  1.678E-03s, Time Inc.: 5.256E-08s, Progress:  99.93%, Est. Clock Time Remaining: 0s
Cycle:    31927, Time:  1.678E-03s, Time Inc.: 5.256E-08s, Progress:  99.93%, Est. Clock Time Remaining: 0s
Cycle:    31928, Time:  1.678E-03s, Time Inc.: 5.256E-08s, Progress:  99.93%, Est. Clock Time Remaining: 0s
Cycle:    31929, Time:  1.678E-03s, Time Inc.: 5.256E-08s, Progress:  99.93%, Est. Clock Time Remaining: 0s
Cycle:    31930, Time:  1.678E-03s, Time Inc.: 5.256E-08s, Progress:  99.94%, Est. Clock Time Remaining: 0s
Cycle:    31931, Time:  1.678E-03s, Time Inc.: 5.256E-08s, Progress:  99.94%, Est. Clock Time Remaining: 0s
Cycle:    31932, Time:  1.678E-03s, Time Inc.: 5.256E-08s, Progress:  99.94%, Est. Clock Time Remaining: 0s
Cycle:    31933, Time:  1.678E-03s, Time Inc.: 5.256E-08s, Progress:  99.95%, Est. Clock Time Remaining: 0s
Cycle:    31934, Time:  1.678E-03s, Time Inc.: 5.256E-08s, Progress:  99.95%, Est. Clock Time Remaining: 0s
Cycle:    31935, Time:  1.679E-03s, Time Inc.: 5.256E-08s, Progress:  99.95%, Est. Clock Time Remaining: 0s
Cycle:    31936, Time:  1.679E-03s, Time Inc.: 5.256E-08s, Progress:  99.96%, Est. Clock Time Remaining: 0s
Cycle:    31937, Time:  1.679E-03s, Time Inc.: 5.256E-08s, Progress:  99.96%, Est. Clock Time Remaining: 0s
Cycle:    31938, Time:  1.679E-03s, Time Inc.: 5.256E-08s, Progress:  99.96%, Est. Clock Time Remaining: 0s
Cycle:    31939, Time:  1.679E-03s, Time Inc.: 5.256E-08s, Progress:  99.97%, Est. Clock Time Remaining: 0s
Cycle:    31940, Time:  1.679E-03s, Time Inc.: 5.256E-08s, Progress:  99.97%, Est. Clock Time Remaining: 0s
Cycle:    31941, Time:  1.679E-03s, Time Inc.: 5.256E-08s, Progress:  99.97%, Est. Clock Time Remaining: 0s
Cycle:    31942, Time:  1.679E-03s, Time Inc.: 5.256E-08s, Progress:  99.98%, Est. Clock Time Remaining: 0s
Cycle:    31943, Time:  1.679E-03s, Time Inc.: 5.256E-08s, Progress:  99.98%, Est. Clock Time Remaining: 0s
Cycle:    31944, Time:  1.679E-03s, Time Inc.: 5.256E-08s, Progress:  99.98%, Est. Clock Time Remaining: 0s
Cycle:    31945, Time:  1.679E-03s, Time Inc.: 5.256E-08s, Progress:  99.98%, Est. Clock Time Remaining: 0s
Cycle:    31946, Time:  1.679E-03s, Time Inc.: 5.256E-08s, Progress:  99.99%, Est. Clock Time Remaining: 0s
Cycle:    31947, Time:  1.679E-03s, Time Inc.: 5.256E-08s, Progress:  99.99%, Est. Clock Time Remaining: 0s
Cycle:    31948, Time:  1.679E-03s, Time Inc.: 5.256E-08s, Progress:  99.99%, Est. Clock Time Remaining: 0s
Cycle:    31949, Time:  1.679E-03s, Time Inc.: 5.256E-08s, Progress: 100.00%, Est. Clock Time Remaining: 0s
Cycle:    31950, Time:  1.679E-03s, Time Inc.: 5.256E-08s, Progress: 100.00%, Est. Clock Time Remaining: -
Problem terminated .... wrapup time reached
 
 ********************************************
 
