Cycle:    25128, Time:  1.513E-03s, Time Inc.: 6.021E-08s, Progress:  99.90%, Est. Clock Time Remaining: 0s
Cycle:    25129, Time:  1.513E-03s, Time Inc.: 6.021E-08s, Progress:  99.91%, Est. Clock Time Remaining: 0s
Cycle:    25130, Time:  1.513E-03s, Time Inc.: 6.021E-08s, Progress:  99.91%, Est. Clock Time Remaining: 0s
Cycle:    25131, Time:  1.513E-03s, Time Inc.: 6.021E-08s, Progress:  99.91%, Est. Clock Time Remaining: 0s
Cycle:    25132, Time:  1.513E-03s, Time Inc.: 6.021E-08s, Progress:  99.92%, Est. Clock Time Remaining: 0s
Cycle:    25133, Time:  1.513E-03s, Time Inc.: 6.021E-08s, Progress:  99.92%, Est. Clock Time Remaining: 0s
Cycle:    25134, Time:  1.513E-03s, Time Inc.: 6.021E-08s, Progress:  99.93%, Est. Clock Time Remaining: 0s
Cycle:    25135, Time:  1.513E-03s, Time Inc.: 6.021E-08s, Progress:  99.93%, Est. Clock Time Remaining: 0s
Cycle:    25136, Time:  1.513E-03s, Time Inc.: 6.021E-08s, Progress:  99.93%, Est. Clock Time Remaining: 0s
Cycle:    25137, Time:  1.513E-03s, Time Inc.: 6.021E-08s, Progress:  99.94%, Est. Clock Time Remaining: 0s
Cycle:    25138, Time:  1.513E-03s, Time Inc.: 6.021E-08s, Progress:  99.94%, Est. Clock Time Remaining: 0s
Cycle:    25139, Time:  1.513E-03s, Time Inc.: 6.021E-08s, Progress:  99.95%, Est. Clock Time Remaining: 0s
Cycle:    25140, Time:  1.513E-03s, Time Inc.: 6.021E-08s, Progress:  99.95%, Est. Clock Time Remaining: 0s
Cycle:    25141, Time:  1.514E-03s, Time Inc.: 6.021E-08s, Progress:  99.95%, Est. Clock Time Remaining: 0s
Cycle:    25142, Time:  1.514E-03s, Time Inc.: 6.021E-08s, Progress:  99.96%, Est. Clock Time Remaining: 0s
Cycle:    25143, Time:  1.514E-03s, Time Inc.: 6.021E-08s, Progress:  99.96%, Est. Clock Time Remaining: 0s
Cycle:    25144, Time:  1.514E-03s, Time Inc.: 6.021E-08s, Progress:  99.97%, Est. Clock Time Remaining: 0s
Cycle:    25145, Time:  1.514E-03s, Time Inc.: 6.021E-08s, Progress:  99.97%, Est. Clock Time Remaining: 0s
Cycle:    25146, Time:  1.514E-03s, Time Inc.: 6.021E-08s, Progress:  99.97%, Est. Clock Time Remaining: 0s
Cycle:    25147, Time:  1.514E-03s, Time Inc.: 6.021E-08s, Progress:  99.98%, Est. Clock Time Remaining: 0s
Cycle:    25148, Time:  1.514E-03s, Time Inc.: 6.021E-08s, Progress:  99.98%, Est. Clock Time Remaining: 0s
Cycle:    25149, Time:  1.514E-03s, Time Inc.: 6.021E-08s, Progress:  99.99%, Est. Clock Time Remaining: 0s
Cycle:    25150, Time:  1.514E-03s, Time Inc.: 6.021E-08s, Progress:  99.99%, Est. Clock Time Remaining: 0s
Cycle:    25151, Time:  1.514E-03s, Time Inc.: 6.021E-08s, Progress:  99.99%, Est. Clock Time Remaining: 0s
Cycle:    25152, Time:  1.514E-03s, Time Inc.: 6.021E-08s, Progress: 100.00%, Est. Clock Time Remaining: 0s
Cycle:    25153, Time:  1.514E-03s, Time Inc.: 6.021E-08s, Progress: 100.00%, Est. Clock Time Remaining: -
Problem terminated .... wrapup time reached
 
 ********************************************
 
