Cycle:    19602, Time:  1.111E-03s, Time Inc.: 5.667E-08s, Progress:  99.88%, Est. Clock Time Remaining: 0s
Cycle:    19603, Time:  1.111E-03s, Time Inc.: 5.667E-08s, Progress:  99.88%, Est. Clock Time Remaining: 0s
Cycle:    19604, Time:  1.111E-03s, Time Inc.: 5.667E-08s, Progress:  99.89%, Est. Clock Time Remaining: 0s
Cycle:    19605, Time:  1.111E-03s, Time Inc.: 5.667E-08s, Progress:  99.89%, Est. Clock Time Remaining: 0s
Cycle:    19606, Time:  1.111E-03s, Time Inc.: 5.667E-08s, Progress:  99.90%, Est. Clock Time Remaining: 0s
Cycle:    19607, Time:  1.111E-03s, Time Inc.: 5.667E-08s, Progress:  99.90%, Est. Clock Time Remaining: 0s
Cycle:    19608, Time:  1.111E-03s, Time Inc.: 5.667E-08s, Progress:  99.91%, Est. Clock Time Remaining: 0s
Cycle:    19609, Time:  1.111E-03s, Time Inc.: 5.667E-08s, Progress:  99.91%, Est. Clock Time Remaining: 0s
Cycle:    19610, Time:  1.111E-03s, Time Inc.: 5.667E-08s, Progress:  99.92%, Est. Clock Time Remaining: 0s
Cycle:    19611, Time:  1.111E-03s, Time Inc.: 5.667E-08s, Progress:  99.92%, Est. Clock Time Remaining: 0s
Cycle:    19612, Time:  1.111E-03s, Time Inc.: 5.667E-08s, Progress:  99.93%, Est. Clock Time Remaining: 0s
Cycle:    19613, Time:  1.111E-03s, Time Inc.: 5.667E-08s, Progress:  99.93%, Est. Clock Time Remaining: 0s
Cycle:    19614, Time:  1.111E-03s, Time Inc.: 5.667E-08s, Progress:  99.94%, Est. Clock Time Remaining: 0s
Cycle:    19615, Time:  1.112E-03s, Time Inc.: 5.667E-08s, Progress:  99.94%, Est. Clock Time Remaining: 0s
Cycle:    19616, Time:  1.112E-03s, Time Inc.: 5.667E-08s, Progress:  99.95%, Est. Clock Time Remaining: 0s
Cycle:    19617, Time:  1.112E-03s, Time Inc.: 5.667E-08s, Progress:  99.95%, Est. Clock Time Remaining: 0s
Cycle:    19618, Time:  1.112E-03s, Time Inc.: 5.667E-08s, Progress:  99.96%, Est. Clock Time Remaining: 0s
Cycle:    19619, Time:  1.112E-03s, Time Inc.: 5.667E-08s, Progress:  99.96%, Est. Clock Time Remaining: 0s
Cycle:    19620, Time:  1.112E-03s, Time Inc.: 5.667E-08s, Progress:  99.97%, Est. Clock Time Remaining: 0s
Cycle:    19621, Time:  1.112E-03s, Time Inc.: 5.667E-08s, Progress:  99.97%, Est. Clock Time Remaining: 0s
Cycle:    19622, Time:  1.112E-03s, Time Inc.: 5.667E-08s, Progress:  99.98%, Est. Clock Time Remaining: 0s
Cycle:    19623, Time:  1.112E-03s, Time Inc.: 5.667E-08s, Progress:  99.98%, Est. Clock Time Remaining: 0s
Cycle:    19624, Time:  1.112E-03s, Time Inc.: 5.667E-08s, Progress:  99.99%, Est. Clock Time Remaining: 0s
Cycle:    19625, Time:  1.112E-03s, Time Inc.: 5.667E-08s, Progress:  99.99%, Est. Clock Time Remaining: 0s
Cycle:    19626, Time:  1.112E-03s, Time Inc.: 5.667E-08s, Progress: 100.00%, Est. Clock Time Remaining: 0s
Cycle:    19627, Time:  1.112E-03s, Time Inc.: 5.667E-08s, Progress: 100.00%, Est. Clock Time Remaining: -
Problem terminated .... wrapup time reached
 
 ********************************************
 
