		AUTODYN PRE-SOLVER SETUP STATUS REPORT

Initialising model.........Complete
Analysis settings transferred.
Command snippets transferred.
Retrieving mesh ......Complete.
Retrieving Contacts .....Complete.
Retrieving Mesh Data .....
		Retrieving nodal data .....
			Found 364 nodes.
		Retrieving elemental size data .....
			Found 325 elements.
Mesh Data retrieval complete.
Retrieving Coordinate Systems .....Complete.
Retrieving Initial Conditions .....Complete.
Retrieving Parts count.....Complete.
Retrieving Materials .....
Starting transfer of material Limestone
Material Limestone loaded successfully.
Material Retrieval Complete.
Retrieving Parts Data .....Complete.
Retrieving Cross Sections ......Complete.
Retrieving Variable Shell Thickness ......Complete.
Transferring Coordinate Systems Complete.
Transferring Node Information Complete.
Transferring Material Information .....Complete.
Checking for Remote Points ....No remote points found.
Getting Boundary Conditions ....Complete.
Getting Per Body Controls ....Complete.
Getting Joint Connections....Complete.
Getting Joint Loads....Complete.
Validating Joint Loads....Complete.
Transferring Mesh ....Complete.
Transferring Contacts ....Complete.
Transferring Symmetry Conditions ....Complete.
Transferring Loadcase Data ....Complete.
Transferring Boundary Conditions ....Complete.
Transferring Imported External Load ....Complete.
Transferring Per Body Controls ....Complete.
Transferring Joints ....Complete.
Transferring Joint Loads ....Complete.
Retrieving Tracker Data .....Complete.
Transferring Named Selections .....Complete.
Transferring Tracker Data .....Complete.
Exporting Cycle Zero file .....Complete.
		AUTODYN PRE-SOLVER SETUP COMPLETE.

