Cycle:    26329, Time:  1.492E-03s, Time Inc.: 5.667E-08s, Progress:  99.91%, Est. Clock Time Remaining: 0s
Cycle:    26330, Time:  1.492E-03s, Time Inc.: 5.667E-08s, Progress:  99.91%, Est. Clock Time Remaining: 0s
Cycle:    26331, Time:  1.492E-03s, Time Inc.: 5.667E-08s, Progress:  99.92%, Est. Clock Time Remaining: 0s
Cycle:    26332, Time:  1.492E-03s, Time Inc.: 5.667E-08s, Progress:  99.92%, Est. Clock Time Remaining: 0s
Cycle:    26333, Time:  1.492E-03s, Time Inc.: 5.667E-08s, Progress:  99.92%, Est. Clock Time Remaining: 0s
Cycle:    26334, Time:  1.492E-03s, Time Inc.: 5.667E-08s, Progress:  99.93%, Est. Clock Time Remaining: 0s
Cycle:    26335, Time:  1.492E-03s, Time Inc.: 5.667E-08s, Progress:  99.93%, Est. Clock Time Remaining: 0s
Cycle:    26336, Time:  1.492E-03s, Time Inc.: 5.667E-08s, Progress:  99.94%, Est. Clock Time Remaining: 0s
Cycle:    26337, Time:  1.492E-03s, Time Inc.: 5.667E-08s, Progress:  99.94%, Est. Clock Time Remaining: 0s
Cycle:    26338, Time:  1.493E-03s, Time Inc.: 5.667E-08s, Progress:  99.94%, Est. Clock Time Remaining: 0s
Cycle:    26339, Time:  1.493E-03s, Time Inc.: 5.667E-08s, Progress:  99.95%, Est. Clock Time Remaining: 0s
Cycle:    26340, Time:  1.493E-03s, Time Inc.: 5.667E-08s, Progress:  99.95%, Est. Clock Time Remaining: 0s
Cycle:    26341, Time:  1.493E-03s, Time Inc.: 5.667E-08s, Progress:  99.95%, Est. Clock Time Remaining: 0s
Cycle:    26342, Time:  1.493E-03s, Time Inc.: 5.667E-08s, Progress:  99.96%, Est. Clock Time Remaining: 0s
Cycle:    26343, Time:  1.493E-03s, Time Inc.: 5.667E-08s, Progress:  99.96%, Est. Clock Time Remaining: 0s
Cycle:    26344, Time:  1.493E-03s, Time Inc.: 5.667E-08s, Progress:  99.97%, Est. Clock Time Remaining: 0s
Cycle:    26345, Time:  1.493E-03s, Time Inc.: 5.667E-08s, Progress:  99.97%, Est. Clock Time Remaining: 0s
Cycle:    26346, Time:  1.493E-03s, Time Inc.: 5.667E-08s, Progress:  99.97%, Est. Clock Time Remaining: 0s
Cycle:    26347, Time:  1.493E-03s, Time Inc.: 5.667E-08s, Progress:  99.98%, Est. Clock Time Remaining: 0s
Cycle:    26348, Time:  1.493E-03s, Time Inc.: 5.667E-08s, Progress:  99.98%, Est. Clock Time Remaining: 0s
Cycle:    26349, Time:  1.493E-03s, Time Inc.: 5.667E-08s, Progress:  99.98%, Est. Clock Time Remaining: 0s
Cycle:    26350, Time:  1.493E-03s, Time Inc.: 5.667E-08s, Progress:  99.99%, Est. Clock Time Remaining: 0s
Cycle:    26351, Time:  1.493E-03s, Time Inc.: 5.667E-08s, Progress:  99.99%, Est. Clock Time Remaining: 0s
Cycle:    26352, Time:  1.493E-03s, Time Inc.: 5.667E-08s, Progress: 100.00%, Est. Clock Time Remaining: 0s
Cycle:    26353, Time:  1.493E-03s, Time Inc.: 5.667E-08s, Progress: 100.00%, Est. Clock Time Remaining: 0s
Cycle:    26354, Time:  1.493E-03s, Time Inc.: 5.667E-08s, Progress: 100.00%, Est. Clock Time Remaining: -
Problem terminated .... wrapup time reached
 
 ********************************************
 
