 ANSYS



       AAAAAA   UU    UU  TTTTTTTT   OOOOOO   DDDDDDD   YY    YY  NN    NN  TM
      AA    AA  UU    UU     TT     OO    OO  DD    DD   YY  YY   NNN   NN
      AA    AA  UU    UU     TT     OO    OO  DD    DD    YYYY    NNNN  NN
      AAAAAAAA  UU    UU     TT     OO    OO  DD    DD     YY     NN NN NN
      AA    AA  UU    UU     TT     OO    OO  DD    DD     YY     NN  NNNN
      AA    AA  UU    UU     TT     OO    OO  DD    DD     YY     NN   NNN
      AA    AA   UUUUUU      TT      OOOOOO   DDDDDDD      YY     NN    NN




           Copyright (C) 2018, ANSYS, Inc.  All rights reserved.
           Unauthorized use, distribution or duplication is prohibited.




 




                                2020 R1
                                   
                 Point Releases and Patches installed:
                                   
                       Academic Student 2020 R1
                             Aqwa 2020 R1
                          FENSAP-ICE 2020 R1




                            Solver :   EXPLICIT
                             Build :   AUTODYN-2D Version 2020 R1              
                Model File Version :   2020 R1
                        Build Date :   20191203
                 Current Date/Time :   20200712  2:41 (+0800GMT)
                          Platform :   64 bit
                              Beta :   FALSE
                   User Subroutine :   FALSE




                             IDENT :   admodel                                                                                                                                                                                                                                                         
                             Title :                                           
                       Description :                                                                                                                                                                                                                                                                   
                     Symmetry Type :       Planar
                       Start Cycle :            0
                        Start Time :  0.00000E+00
                         Precision :   Double




   UNITS

                            Length :   millimeter
                              Mass :   milligram 
                              Time :   millisec. 




   WRAPUP PARAMETERS

                       Cycle Limit :     10000000
                        Time Limit :  1.55056E+00
     Maximum Energy Error Fraction :  9.99999E+05
            Energy Reference Cycle :            0




   MULTIPLE LOADSTEP DEFINITION

     Step    Type             Step End Time   Static Damping

        1    Standard         1.5506E+00      0.0000E+00




   LOADSTEP OUTPUT CONTROLS

     Step    Results       Value      Restarts       Value      Trackers      Value

        1    Global          -         Global          -         Global          -     




   LOADCASE DEFINITIONS

     Case  WB-ID        Type   Active  Loadsteps:                Used by:

        1   4936    Standard   Step    DOF:  X  Y  Z RX RY RZ    Force                         
                                  1          v  v  v  v  v  v




   TIME STEP INFORMATION

                 Minimum Time Step :  1.00000E-06
                 Maximum Time Step :  1.00000E-03
                 Initial Time Step :  2.62820E-05
           Time Step Safety Factor :  5.00000E-01




   GRAVITATIONAL CONSTANTS

             Global X Acceleration :  0.00000E+00
             Global Y Acceleration :  0.00000E+00




   GRAVITATIONAL AND ACCELERATION CONSTANTS - SUM AT START CYCLE

             Total  X Acceleration :  0.00000E+00
             Total  Y Acceleration :  0.00000E+00




   DAMPING CONSTANTS

               Quadratic Viscosity :  1.00000E+00
                  Linear Viscosity :  2.00000E-01
     Apply Lin.vis. in exp. for HE :  No
                 Hourglass Damping :  1.00000E-01
                    Static Damping : Per loadstep
                 Anti-tangle Force :  0.00000E+00





 
   GLOBAL OUTPUT CONTROLS

                    Save Results On  : Time
                    Increments :        7.75280E-03
                    Save Restarts On : Time
                    Increments :        3.10112E-01
                    Save Trackers On : Cycles
                    Increments :        1.00000E+00




   CUTOFF VALUES

                   Velocity Cutoff :  1.00000E-06
                 Soundspeed Cutoff :  1.00000E-06
                     Radius Cutoff :  1.00000E-03
                    Density Cutoff :  1.00000E-04
                  Maximum Velocity :  1.00000E+10
               Maximum Temperature :  1.01000E+20




   EULER/ALE/SPH TRANSPORT OPTIONS

     ALE/Eul energy transport type :  Total energy
               Transport algorithm :  SLIC
     Mat. vel. tstep safety factor :  1.00000E+00




   METHOD OF CALCULATING CHARACTERISTIC ZONE DIMENSION

                     Method to Use :  Diagonals




   METHOD OF UPDATING LAG/ALE CELL DENSITIES AND COMPRESSIONS

                     Method to Use :  Automatic





 
   MATERIALS



                         MATERIAL NAME: Dolomite                      


                     Equation of State             Linear                                                                          

          Reference density                      (g/cm3   ) 2.84000E+00
          Bulk Modulus                           (kPa     ) 4.48000E+07
          Reference Temperature                  (K       ) 2.95150E+02
          Specific Heat                          (J/kgK   ) 0.00000E+00
          Thermal Conductivity                   (J/mKs   ) 0.00000E+00


                     Strength                      Elastic                                                                         

          Shear Modulus                          (kPa     ) 2.28500E+07


                     Failure                       None                                                                            



                     Erosion                       None                                                                            



                     Material Cutoffs              

          Maximum Expansion                      (none    ) 1.00000E-01
          Minimum Density Factor                 (none    ) 1.00000E-04
          Minimum Density Factor (SPH)           (none    ) 2.00000E-01
          Maximum Density Factor (SPH)           (none    ) 3.00000E+00
          Minimum Soundspeed                     (m/s     ) 1.00000E-06
          Maximum Soundspeed (SPH)               (m/s     ) 1.01000E+20
          Maximum Temperature                    (K       ) 1.01000E+20


           Reference: 
                                                                                                                                                                                                                                                                


           Notes: 
                                                                                                                                                                                                                                                                









 
   BOUNDARY CONDITIONS



                     Fixed Support : General X,Y Velocity                                            

           Constant X velocity         :  0.00000E+00
           Constant Y velocity         :  0.00000E+00






                     Force : General Time Dependent Force                                            

                     Associated Loadcase ID :        1

              Time           X-Force         Y-Force       Z-Force
           0.00000E+00     0.00000E+00     0.00000E+00   0.00000E+00
           1.68950E-01     0.00000E+00     0.00000E+00   0.00000E+00
           1.68960E-01     0.00000E+00     4.97980E+01   0.00000E+00
           3.87630E-01     0.00000E+00     4.97980E+01   0.00000E+00
           3.87640E-01     0.00000E+00     0.00000E+00   0.00000E+00
           1.55056E+00     0.00000E+00     0.00000E+00   0.00000E+00









 
     UNSTRUCTURED PARTS

           PART                  NO. ELEMENTS

       1   SYS\Surface                    325

           TOTAL NUMBER ELEMENTS:         325
           TOTAL NUMBER NODES:            364




   SUBGRID ACTIVATION / DEACTIVATION TIMES

           SUBGRID        ACTIVATION   DEACTIVATION
                             TIME          TIME





 
   EDITS

       EDIT FREQUENCY
       EDIT TYPE   HOW DONE          START           END     INCREMENT

       SAVE        by times    0.00000E+00   1.55056E+00   3.10112E-01
       GRIDVAR     Never     
       ENERGYSUM   by times    0.00000E+00   1.55056E+00   3.10112E-01
       CYCSUM      Never     
       HISTORY     by cycles             0      10000000             1
       USER        Never     

 
   INTERACTIONS

          Using trajectory contact:  Yes
            Full SPH radius (beta):  No        
                  Search Algorithm:  Cube            
              Retention of Inertia:  Yes       
                  Self-interaction:  Yes       
             Self-interaction Tol.:  2.00000E-01

     No parts are included in interactions









CYCLE       0, TIME=  0.000E+00                                                                                  ENERGY SUMMARY EDIT
 


ENERGY AND MOMENTUM PARTITIONING BY MATERIALS

                                                         INTERNAL   KINETIC   DISTORT
MATERIAL                                 MASS    VOLUME    ENERGY    ENERGY    ENERGY XMOMENTUM YMOMENTUM

Dolomite                            5.680E+02 2.000E+02 0.000E+00 0.000E+00 0.000E+00 0.000E+00 0.000E+00
---------------------------------------------------------------------------------------------------------
TOTALS                              5.680E+02 2.000E+02 0.000E+00 0.000E+00 0.000E+00 0.000E+00 0.000E+00


ENERGY AND MOMENTUM PARTITIONING BY PARTS

                                                         INTERNAL   KINETIC   DISTORT                     HOURGLASS   CONTACT
PART                                     MASS    VOLUME    ENERGY    ENERGY    ENERGY XMOMENTUM YMOMENTUM    ENERGY    ENERGY

SYS\Surface                         5.680E+02 2.000E+02 0.000E+00 0.000E+00 0.000E+00 0.000E+00 0.000E+00 0.000E+00 0.000E+00
-----------------------------------------------------------------------------------------------------------------------------
TOTALS                              5.680E+02 2.000E+02 0.000E+00 0.000E+00 0.000E+00 0.000E+00 0.000E+00 0.000E+00 0.000E+00


ENERGY AND MOMENTUM BALANCE

INITIAL     ENERGY 0.00000E+00   X-MOMENTUM 0.00000E+00   Y-MOMENTUM 0.00000E+00
EXTERNAL      WORK 0.00000E+00    X-IMPULSE 0.00000E+00    Y-IMPULSE 0.00000E+00
CONTACT     ENERGY 0.00000E+00
CURRENT     ENERGY 0.00000E+00   X-MOMENTUM 0.00000E+00   Y-MOMENTUM 0.00000E+00
--------------------------------------------------------------------------------
ERROR              0.00000E+00              0.00000E+00              0.00000E+00

CYCLE    5902, TIME=  3.101E-01                                                                                  ENERGY SUMMARY EDIT
 


ENERGY AND MOMENTUM PARTITIONING BY MATERIALS

                                                         INTERNAL   KINETIC   DISTORT
MATERIAL                                 MASS    VOLUME    ENERGY    ENERGY    ENERGY XMOMENTUM YMOMENTUM

Dolomite                            5.680E+02 2.000E+02 6.026E-03 6.223E-04 0.000E+00 2.181E-05 1.612E-02
---------------------------------------------------------------------------------------------------------
TOTALS                              5.680E+02 2.000E+02 6.026E-03 6.223E-04 0.000E+00 2.181E-05 1.612E-02


ENERGY AND MOMENTUM PARTITIONING BY PARTS

                                                         INTERNAL   KINETIC   DISTORT                     HOURGLASS   CONTACT
PART                                     MASS    VOLUME    ENERGY    ENERGY    ENERGY XMOMENTUM YMOMENTUM    ENERGY    ENERGY

SYS\Surface                         5.680E+02 2.000E+02 6.026E-03 6.223E-04 0.000E+00 2.181E-05 1.612E-02 3.437E-04 0.000E+00
-----------------------------------------------------------------------------------------------------------------------------
TOTALS                              5.680E+02 2.000E+02 6.026E-03 6.223E-04 0.000E+00 2.181E-05 1.612E-02 3.437E-04 0.000E+00


ENERGY AND MOMENTUM BALANCE

INITIAL     ENERGY 0.00000E+00   X-MOMENTUM 0.00000E+00   Y-MOMENTUM 0.00000E+00
EXTERNAL      WORK 6.64485E-03    X-IMPULSE 2.18063E-05    Y-IMPULSE 1.61235E-02
CONTACT     ENERGY 0.00000E+00
CURRENT     ENERGY 6.64792E-03   X-MOMENTUM 2.18061E-05   Y-MOMENTUM 1.61234E-02
--------------------------------------------------------------------------------
ERROR              3.07507E-06             -2.31584E-10             -7.13416E-09

CYCLE   11802, TIME=  6.203E-01                                                                                  ENERGY SUMMARY EDIT
 


ENERGY AND MOMENTUM PARTITIONING BY MATERIALS

                                                         INTERNAL   KINETIC   DISTORT
MATERIAL                                 MASS    VOLUME    ENERGY    ENERGY    ENERGY XMOMENTUM YMOMENTUM

Dolomite                            5.680E+02 2.000E+02 1.285E-02 1.388E-03 0.000E+00 1.546E-04-8.157E-01
---------------------------------------------------------------------------------------------------------
TOTALS                              5.680E+02 2.000E+02 1.285E-02 1.388E-03 0.000E+00 1.546E-04-8.157E-01


ENERGY AND MOMENTUM PARTITIONING BY PARTS

                                                         INTERNAL   KINETIC   DISTORT                     HOURGLASS   CONTACT
PART                                     MASS    VOLUME    ENERGY    ENERGY    ENERGY XMOMENTUM YMOMENTUM    ENERGY    ENERGY

SYS\Surface                         5.680E+02 2.000E+02 1.285E-02 1.388E-03 0.000E+00 1.546E-04-8.157E-01 8.433E-04 0.000E+00
-----------------------------------------------------------------------------------------------------------------------------
TOTALS                              5.680E+02 2.000E+02 1.285E-02 1.388E-03 0.000E+00 1.546E-04-8.157E-01 8.433E-04 0.000E+00


ENERGY AND MOMENTUM BALANCE

INITIAL     ENERGY 0.00000E+00   X-MOMENTUM 0.00000E+00   Y-MOMENTUM 0.00000E+00
EXTERNAL      WORK 1.43084E-02    X-IMPULSE 1.54566E-04    Y-IMPULSE-8.15740E-01
CONTACT     ENERGY 0.00000E+00
CURRENT     ENERGY 1.42336E-02   X-MOMENTUM 1.54565E-04   Y-MOMENTUM-8.15740E-01
--------------------------------------------------------------------------------
ERROR             -7.48135E-05             -2.25997E-10             -7.39747E-09

CYCLE   17701, TIME=  9.303E-01                                                                                  ENERGY SUMMARY EDIT
 


ENERGY AND MOMENTUM PARTITIONING BY MATERIALS

                                                         INTERNAL   KINETIC   DISTORT
MATERIAL                                 MASS    VOLUME    ENERGY    ENERGY    ENERGY XMOMENTUM YMOMENTUM

Dolomite                            5.680E+02 2.000E+02 1.418E-02 1.275E-04 0.000E+00-2.893E-04-1.478E-01
---------------------------------------------------------------------------------------------------------
TOTALS                              5.680E+02 2.000E+02 1.418E-02 1.275E-04 0.000E+00-2.893E-04-1.478E-01


ENERGY AND MOMENTUM PARTITIONING BY PARTS

                                                         INTERNAL   KINETIC   DISTORT                     HOURGLASS   CONTACT
PART                                     MASS    VOLUME    ENERGY    ENERGY    ENERGY XMOMENTUM YMOMENTUM    ENERGY    ENERGY

SYS\Surface                         5.680E+02 2.000E+02 1.418E-02 1.275E-04 0.000E+00-2.893E-04-1.478E-01 1.016E-03 0.000E+00
-----------------------------------------------------------------------------------------------------------------------------
TOTALS                              5.680E+02 2.000E+02 1.418E-02 1.275E-04 0.000E+00-2.893E-04-1.478E-01 1.016E-03 0.000E+00


ENERGY AND MOMENTUM BALANCE

INITIAL     ENERGY 0.00000E+00   X-MOMENTUM 0.00000E+00   Y-MOMENTUM 0.00000E+00
EXTERNAL      WORK 1.43084E-02    X-IMPULSE-2.89271E-04    Y-IMPULSE-1.47816E-01
CONTACT     ENERGY 0.00000E+00
CURRENT     ENERGY 1.43036E-02   X-MOMENTUM-2.89271E-04   Y-MOMENTUM-1.47816E-01
--------------------------------------------------------------------------------
ERROR             -4.79259E-06             -2.25997E-10             -7.39746E-09

CYCLE   23601, TIME=  1.240E+00                                                                                  ENERGY SUMMARY EDIT
 


ENERGY AND MOMENTUM PARTITIONING BY MATERIALS

                                                         INTERNAL   KINETIC   DISTORT
MATERIAL                                 MASS    VOLUME    ENERGY    ENERGY    ENERGY XMOMENTUM YMOMENTUM

Dolomite                            5.680E+02 2.000E+02 1.408E-02 2.574E-04 0.000E+00-3.380E-05 2.057E-01
---------------------------------------------------------------------------------------------------------
TOTALS                              5.680E+02 2.000E+02 1.408E-02 2.574E-04 0.000E+00-3.380E-05 2.057E-01


ENERGY AND MOMENTUM PARTITIONING BY PARTS

                                                         INTERNAL   KINETIC   DISTORT                     HOURGLASS   CONTACT
PART                                     MASS    VOLUME    ENERGY    ENERGY    ENERGY XMOMENTUM YMOMENTUM    ENERGY    ENERGY

SYS\Surface                         5.680E+02 2.000E+02 1.408E-02 2.574E-04 0.000E+00-3.380E-05 2.057E-01 1.106E-03 0.000E+00
-----------------------------------------------------------------------------------------------------------------------------
TOTALS                              5.680E+02 2.000E+02 1.408E-02 2.574E-04 0.000E+00-3.380E-05 2.057E-01 1.106E-03 0.000E+00


ENERGY AND MOMENTUM BALANCE

INITIAL     ENERGY 0.00000E+00   X-MOMENTUM 0.00000E+00   Y-MOMENTUM 0.00000E+00
EXTERNAL      WORK 1.43084E-02    X-IMPULSE-3.37971E-05    Y-IMPULSE 2.05746E-01
CONTACT     ENERGY 0.00000E+00
CURRENT     ENERGY 1.43350E-02   X-MOMENTUM-3.37974E-05   Y-MOMENTUM 2.05746E-01
--------------------------------------------------------------------------------
ERROR              2.66008E-05             -2.25997E-10             -7.39745E-09

CYCLE   29501, TIME=  1.551E+00                                                                                  ENERGY SUMMARY EDIT
 


ENERGY AND MOMENTUM PARTITIONING BY MATERIALS

                                                         INTERNAL   KINETIC   DISTORT
MATERIAL                                 MASS    VOLUME    ENERGY    ENERGY    ENERGY XMOMENTUM YMOMENTUM

Dolomite                            5.680E+02 2.000E+02 1.378E-02 5.464E-04 0.000E+00 6.413E-05 4.768E-01
---------------------------------------------------------------------------------------------------------
TOTALS                              5.680E+02 2.000E+02 1.378E-02 5.464E-04 0.000E+00 6.413E-05 4.768E-01


ENERGY AND MOMENTUM PARTITIONING BY PARTS

                                                         INTERNAL   KINETIC   DISTORT                     HOURGLASS   CONTACT
PART                                     MASS    VOLUME    ENERGY    ENERGY    ENERGY XMOMENTUM YMOMENTUM    ENERGY    ENERGY

SYS\Surface                         5.680E+02 2.000E+02 1.378E-02 5.464E-04 0.000E+00 6.413E-05 4.768E-01 1.156E-03 0.000E+00
-----------------------------------------------------------------------------------------------------------------------------
TOTALS                              5.680E+02 2.000E+02 1.378E-02 5.464E-04 0.000E+00 6.413E-05 4.768E-01 1.156E-03 0.000E+00


ENERGY AND MOMENTUM BALANCE

INITIAL     ENERGY 0.00000E+00   X-MOMENTUM 0.00000E+00   Y-MOMENTUM 0.00000E+00
EXTERNAL      WORK 1.43084E-02    X-IMPULSE 6.41286E-05    Y-IMPULSE 4.76833E-01
CONTACT     ENERGY 0.00000E+00
CURRENT     ENERGY 1.43305E-02   X-MOMENTUM 6.41284E-05   Y-MOMENTUM 4.76833E-01
--------------------------------------------------------------------------------
ERROR              2.21217E-05             -2.25997E-10             -7.39745E-09
 
 
SIMULATION ELAPSED TIME SUMMARY
 
EXECUTION FROM CYCLE        1 TO    29501
ELAPSED RUN TIME IN SOLVER =      7.26500E-02 Minutes
ELAPSED RUN TIME IN EDITS  =      7.99333E-02 Minutes
TOTAL ELAPSED RUN TIME     =      1.52583E-01 Minutes
 
