Cycle:    29476, Time:  1.549E-03s, Time Inc.: 5.256E-08s, Progress:  99.92%, Est. Clock Time Remaining: 0s
Cycle:    29477, Time:  1.549E-03s, Time Inc.: 5.256E-08s, Progress:  99.92%, Est. Clock Time Remaining: 0s
Cycle:    29478, Time:  1.549E-03s, Time Inc.: 5.256E-08s, Progress:  99.92%, Est. Clock Time Remaining: 0s
Cycle:    29479, Time:  1.549E-03s, Time Inc.: 5.256E-08s, Progress:  99.93%, Est. Clock Time Remaining: 0s
Cycle:    29480, Time:  1.549E-03s, Time Inc.: 5.256E-08s, Progress:  99.93%, Est. Clock Time Remaining: 0s
Cycle:    29481, Time:  1.550E-03s, Time Inc.: 5.256E-08s, Progress:  99.93%, Est. Clock Time Remaining: 0s
Cycle:    29482, Time:  1.550E-03s, Time Inc.: 5.256E-08s, Progress:  99.94%, Est. Clock Time Remaining: 0s
Cycle:    29483, Time:  1.550E-03s, Time Inc.: 5.256E-08s, Progress:  99.94%, Est. Clock Time Remaining: 0s
Cycle:    29484, Time:  1.550E-03s, Time Inc.: 5.256E-08s, Progress:  99.94%, Est. Clock Time Remaining: 0s
Cycle:    29485, Time:  1.550E-03s, Time Inc.: 5.256E-08s, Progress:  99.95%, Est. Clock Time Remaining: 0s
Cycle:    29486, Time:  1.550E-03s, Time Inc.: 5.256E-08s, Progress:  99.95%, Est. Clock Time Remaining: 0s
Cycle:    29487, Time:  1.550E-03s, Time Inc.: 5.256E-08s, Progress:  99.95%, Est. Clock Time Remaining: 0s
Cycle:    29488, Time:  1.550E-03s, Time Inc.: 5.256E-08s, Progress:  99.96%, Est. Clock Time Remaining: 0s
Cycle:    29489, Time:  1.550E-03s, Time Inc.: 5.256E-08s, Progress:  99.96%, Est. Clock Time Remaining: 0s
Cycle:    29490, Time:  1.550E-03s, Time Inc.: 5.256E-08s, Progress:  99.97%, Est. Clock Time Remaining: 0s
Cycle:    29491, Time:  1.550E-03s, Time Inc.: 5.256E-08s, Progress:  99.97%, Est. Clock Time Remaining: 0s
Cycle:    29492, Time:  1.550E-03s, Time Inc.: 5.256E-08s, Progress:  99.97%, Est. Clock Time Remaining: 0s
Cycle:    29493, Time:  1.550E-03s, Time Inc.: 5.256E-08s, Progress:  99.98%, Est. Clock Time Remaining: 0s
Cycle:    29494, Time:  1.550E-03s, Time Inc.: 5.256E-08s, Progress:  99.98%, Est. Clock Time Remaining: 0s
Cycle:    29495, Time:  1.550E-03s, Time Inc.: 5.256E-08s, Progress:  99.98%, Est. Clock Time Remaining: 0s
Cycle:    29496, Time:  1.550E-03s, Time Inc.: 5.256E-08s, Progress:  99.99%, Est. Clock Time Remaining: 0s
Cycle:    29497, Time:  1.550E-03s, Time Inc.: 5.256E-08s, Progress:  99.99%, Est. Clock Time Remaining: 0s
Cycle:    29498, Time:  1.550E-03s, Time Inc.: 5.256E-08s, Progress:  99.99%, Est. Clock Time Remaining: 0s
Cycle:    29499, Time:  1.550E-03s, Time Inc.: 5.256E-08s, Progress: 100.00%, Est. Clock Time Remaining: 0s
Cycle:    29500, Time:  1.551E-03s, Time Inc.: 5.256E-08s, Progress: 100.00%, Est. Clock Time Remaining: 0s
Cycle:    29501, Time:  1.551E-03s, Time Inc.: 5.256E-08s, Progress: 100.00%, Est. Clock Time Remaining: -
Problem terminated .... wrapup time reached
 
 ********************************************
 
